2023.09.04 15:14:41 INFO  Started: Metals version 1.0.1 in folders '/home/tmilner/git/SLMS_discourse_plugin' for client Visual Studio Code 1.81.1.[0m
Sep 04, 2023 3:14:41 PM org.flywaydb.core.internal.license.VersionPrinter printVersionOnly
INFO: Flyway Community Edition 9.21.2 by Redgate
Sep 04, 2023 3:14:41 PM org.flywaydb.core.internal.license.VersionPrinter printVersion
INFO: See release notes here: https://rd.gt/416ObMi
Sep 04, 2023 3:14:41 PM org.flywaydb.core.internal.license.VersionPrinter printVersion
INFO: 
Sep 04, 2023 3:14:42 PM org.flywaydb.core.FlywayExecutor execute
INFO: Database: jdbc:h2:file:/home/tmilner/git/SLMS_discourse_plugin/.metals/metals (H2 2.1)
Sep 04, 2023 3:14:42 PM org.flywaydb.core.internal.schemahistory.JdbcTableSchemaHistory allAppliedMigrations
INFO: Schema history table "PUBLIC"."flyway_schema_history" does not exist yet
Sep 04, 2023 3:14:42 PM org.flywaydb.core.internal.command.DbValidate validate
INFO: Successfully validated 4 migrations (execution time 00:00.009s)
Sep 04, 2023 3:14:42 PM org.flywaydb.core.internal.schemahistory.JdbcTableSchemaHistory create
INFO: Creating Schema History table "PUBLIC"."flyway_schema_history" ...
Sep 04, 2023 3:14:42 PM org.flywaydb.core.internal.command.DbMigrate migrateGroup
INFO: Current version of schema "PUBLIC": << Empty Schema >>
Sep 04, 2023 3:14:42 PM org.flywaydb.core.internal.command.DbMigrate doMigrateGroup
INFO: Migrating schema "PUBLIC" to version "1 - Create tables"
Sep 04, 2023 3:14:42 PM org.flywaydb.core.internal.command.DbMigrate doMigrateGroup
INFO: Migrating schema "PUBLIC" to version "2 - Server discovery"
Sep 04, 2023 3:14:42 PM org.flywaydb.core.internal.command.DbMigrate doMigrateGroup
INFO: Migrating schema "PUBLIC" to version "3 - Jar symbols"
Sep 04, 2023 3:14:42 PM org.flywaydb.core.internal.command.DbMigrate doMigrateGroup
INFO: Migrating schema "PUBLIC" to version "4 - Fingerprints"
Sep 04, 2023 3:14:42 PM org.flywaydb.core.internal.command.DbMigrate logSummary
INFO: Successfully applied 4 migrations to schema "PUBLIC", now at version v4 (execution time 00:00.012s)
2023.09.04 15:14:42 INFO  time: initialize in 0.57s[0m
2023.09.04 15:14:42 WARN  Build server is not auto-connectable.[0m
2023.09.04 15:14:42 WARN  no build tool detected in workspace '/home/tmilner/git/SLMS_discourse_plugin'. The most common cause for this problem is that the editor was opened in the wrong working directory, for example if you use sbt then the workspace directory should contain build.sbt. [0m
